<?xml version="1.0" encoding="UTF-8"?>
<coverage generated="1695121884225" clover="3.2.0">
  <project timestamp="1695121884225" name="All files">
    <metrics statements="76" coveredstatements="62" conditionals="22" coveredconditionals="17" methods="17" coveredmethods="9" elements="115" coveredelements="88" complexity="0" loc="76" ncloc="76" packages="3" files="8" classes="8"/>
    <package name="complex.ViewerForPaste">
      <metrics statements="28" coveredstatements="22" conditionals="6" coveredconditionals="5" methods="7" coveredmethods="3"/>
      <file name="ViewerForPaste.module.scss" path="/Users/matvey/Desktop/codeProject/workNeolant/WebPluginNSUtils/src/components/complex/ViewerForPaste/ViewerForPaste.module.scss">
        <metrics statements="10" coveredstatements="7" conditionals="6" coveredconditionals="5" methods="2" coveredmethods="1"/>
        <line num="1" count="1" type="stmt"/>
        <line num="3" count="1" type="cond" truecount="3" falsecount="1"/>
        <line num="4" count="1" type="stmt"/>
        <line num="7" count="1" type="stmt"/>
        <line num="9" count="5" type="cond" truecount="2" falsecount="0"/>
        <line num="10" count="3" type="stmt"/>
        <line num="12" count="2" type="stmt"/>
        <line num="16" count="0" type="stmt"/>
        <line num="20" count="0" type="stmt"/>
        <line num="23" count="0" type="stmt"/>
      </file>
      <file name="ViewerForPaste.tsx" path="/Users/matvey/Desktop/codeProject/workNeolant/WebPluginNSUtils/src/components/complex/ViewerForPaste/ViewerForPaste.tsx">
        <metrics statements="18" coveredstatements="15" conditionals="0" coveredconditionals="0" methods="5" coveredmethods="2"/>
        <line num="1" count="1" type="stmt"/>
        <line num="2" count="1" type="stmt"/>
        <line num="4" count="1" type="stmt"/>
        <line num="5" count="1" type="stmt"/>
        <line num="8" count="1" type="stmt"/>
        <line num="19" count="1" type="stmt"/>
        <line num="20" count="1" type="stmt"/>
        <line num="21" count="1" type="stmt"/>
        <line num="22" count="1" type="stmt"/>
        <line num="23" count="1" type="stmt"/>
        <line num="24" count="1" type="stmt"/>
        <line num="25" count="1" type="stmt"/>
        <line num="27" count="1" type="stmt"/>
        <line num="40" count="0" type="stmt"/>
        <line num="48" count="1" type="stmt"/>
        <line num="58" count="0" type="stmt"/>
        <line num="69" count="0" type="stmt"/>
        <line num="76" count="1" type="stmt"/>
      </file>
    </package>
    <package name="simple.InputWithUnderLineColor">
      <metrics statements="23" coveredstatements="19" conditionals="8" coveredconditionals="6" methods="5" coveredmethods="3"/>
      <file name="InputWithUnderLineColor.module.scss" path="/Users/matvey/Desktop/codeProject/workNeolant/WebPluginNSUtils/src/components/simple/InputWithUnderLineColor/InputWithUnderLineColor.module.scss">
        <metrics statements="10" coveredstatements="7" conditionals="6" coveredconditionals="5" methods="2" coveredmethods="1"/>
        <line num="1" count="1" type="stmt"/>
        <line num="3" count="1" type="cond" truecount="3" falsecount="1"/>
        <line num="4" count="1" type="stmt"/>
        <line num="7" count="1" type="stmt"/>
        <line num="9" count="6" type="cond" truecount="2" falsecount="0"/>
        <line num="10" count="5" type="stmt"/>
        <line num="12" count="1" type="stmt"/>
        <line num="16" count="0" type="stmt"/>
        <line num="20" count="0" type="stmt"/>
        <line num="23" count="0" type="stmt"/>
      </file>
      <file name="InputWithUnderLineColor.tsx" path="/Users/matvey/Desktop/codeProject/workNeolant/WebPluginNSUtils/src/components/simple/InputWithUnderLineColor/InputWithUnderLineColor.tsx">
        <metrics statements="12" coveredstatements="11" conditionals="2" coveredconditionals="1" methods="2" coveredmethods="1"/>
        <line num="1" count="1" type="stmt"/>
        <line num="2" count="1" type="stmt"/>
        <line num="4" count="1" type="stmt"/>
        <line num="14" count="1" type="stmt"/>
        <line num="15" count="1" type="stmt"/>
        <line num="16" count="1" type="stmt"/>
        <line num="17" count="1" type="stmt"/>
        <line num="18" count="1" type="stmt"/>
        <line num="19" count="1" type="cond" truecount="1" falsecount="1"/>
        <line num="21" count="1" type="stmt"/>
        <line num="34" count="0" type="stmt"/>
        <line num="43" count="1" type="stmt"/>
      </file>
      <file name="index.ts" path="/Users/matvey/Desktop/codeProject/workNeolant/WebPluginNSUtils/src/components/simple/InputWithUnderLineColor/index.ts">
        <metrics statements="1" coveredstatements="1" conditionals="0" coveredconditionals="0" methods="1" coveredmethods="1"/>
        <line num="1" count="2" type="stmt"/>
      </file>
    </package>
    <package name="simple.SimpleButton">
      <metrics statements="25" coveredstatements="21" conditionals="8" coveredconditionals="6" methods="5" coveredmethods="3"/>
      <file name="SimpleButton.module.scss" path="/Users/matvey/Desktop/codeProject/workNeolant/WebPluginNSUtils/src/components/simple/SimpleButton/SimpleButton.module.scss">
        <metrics statements="10" coveredstatements="7" conditionals="6" coveredconditionals="5" methods="2" coveredmethods="1"/>
        <line num="1" count="1" type="stmt"/>
        <line num="3" count="1" type="cond" truecount="3" falsecount="1"/>
        <line num="4" count="1" type="stmt"/>
        <line num="7" count="1" type="stmt"/>
        <line num="9" count="3" type="cond" truecount="2" falsecount="0"/>
        <line num="10" count="2" type="stmt"/>
        <line num="12" count="1" type="stmt"/>
        <line num="16" count="0" type="stmt"/>
        <line num="20" count="0" type="stmt"/>
        <line num="23" count="0" type="stmt"/>
      </file>
      <file name="SimpleButton.tsx" path="/Users/matvey/Desktop/codeProject/workNeolant/WebPluginNSUtils/src/components/simple/SimpleButton/SimpleButton.tsx">
        <metrics statements="14" coveredstatements="13" conditionals="2" coveredconditionals="1" methods="2" coveredmethods="1"/>
        <line num="1" count="1" type="stmt"/>
        <line num="2" count="1" type="stmt"/>
        <line num="4" count="1" type="stmt"/>
        <line num="15" count="1" type="stmt"/>
        <line num="16" count="1" type="stmt"/>
        <line num="17" count="1" type="stmt"/>
        <line num="18" count="1" type="cond" truecount="1" falsecount="1"/>
        <line num="19" count="1" type="stmt"/>
        <line num="20" count="1" type="stmt"/>
        <line num="21" count="1" type="stmt"/>
        <line num="22" count="1" type="stmt"/>
        <line num="24" count="1" type="stmt"/>
        <line num="33" count="0" type="stmt"/>
        <line num="47" count="1" type="stmt"/>
      </file>
      <file name="index.ts" path="/Users/matvey/Desktop/codeProject/workNeolant/WebPluginNSUtils/src/components/simple/SimpleButton/index.ts">
        <metrics statements="1" coveredstatements="1" conditionals="0" coveredconditionals="0" methods="1" coveredmethods="1"/>
        <line num="1" count="2" type="stmt"/>
      </file>
    </package>
  </project>
</coverage>
