{
  "/Users/matvey/Desktop/codeProject/workNeolant/WebPluginNSUtils/src/shared/utils/utils.ts": {
    "path": "/Users/matvey/Desktop/codeProject/workNeolant/WebPluginNSUtils/src/shared/utils/utils.ts",
    "statementMap": {
      "0": {
        "start": { "line": 3, "column": 31 },
        "end": { "line": 20, "column": 1 }
      },
      "1": {
        "start": { "line": 5, "column": 17 },
        "end": { "line": 5, "column": 41 }
      },
      "2": {
        "start": { "line": 8, "column": 44 },
        "end": { "line": 8, "column": 46 }
      },
      "3": {
        "start": { "line": 11, "column": 2 },
        "end": { "line": 17, "column": 5 }
      },
      "4": {
        "start": { "line": 12, "column": 19 },
        "end": { "line": 12, "column": 34 }
      },
      "5": {
        "start": { "line": 14, "column": 21 },
        "end": { "line": 14, "column": 62 }
      },
      "6": {
        "start": { "line": 16, "column": 4 },
        "end": { "line": 16, "column": 32 }
      },
      "7": {
        "start": { "line": 19, "column": 2 },
        "end": { "line": 19, "column": 19 }
      },
      "8": {
        "start": { "line": 22, "column": 38 },
        "end": { "line": 46, "column": 1 }
      },
      "9": {
        "start": { "line": 26, "column": 2 },
        "end": { "line": 26, "column": 34 }
      },
      "10": {
        "start": { "line": 26, "column": 24 },
        "end": { "line": 26, "column": 34 }
      },
      "11": {
        "start": { "line": 28, "column": 26 },
        "end": { "line": 28, "column": 72 }
      },
      "12": {
        "start": { "line": 28, "column": 48 },
        "end": { "line": 28, "column": 71 }
      },
      "13": {
        "start": { "line": 29, "column": 2 },
        "end": { "line": 29, "column": 34 }
      },
      "14": {
        "start": { "line": 29, "column": 24 },
        "end": { "line": 29, "column": 34 }
      },
      "15": {
        "start": { "line": 31, "column": 36 },
        "end": { "line": 31, "column": 38 }
      },
      "16": {
        "start": { "line": 32, "column": 21 },
        "end": { "line": 43, "column": 3 }
      },
      "17": {
        "start": { "line": 33, "column": 30 },
        "end": { "line": 35, "column": 5 }
      },
      "18": {
        "start": { "line": 34, "column": 14 },
        "end": { "line": 34, "column": 45 }
      },
      "19": {
        "start": { "line": 37, "column": 4 },
        "end": { "line": 40, "column": 7 }
      },
      "20": {
        "start": { "line": 41, "column": 4 },
        "end": { "line": 42, "column": 58 }
      },
      "21": {
        "start": { "line": 42, "column": 40 },
        "end": { "line": 42, "column": 56 }
      },
      "22": {
        "start": { "line": 44, "column": 2 },
        "end": { "line": 44, "column": 30 }
      },
      "23": {
        "start": { "line": 45, "column": 2 },
        "end": { "line": 45, "column": 40 }
      },
      "24": {
        "start": { "line": 49, "column": 2 },
        "end": { "line": 49, "column": 59 }
      },
      "25": {
        "start": { "line": 50, "column": 16 },
        "end": { "line": 50, "column": 57 }
      },
      "26": {
        "start": { "line": 51, "column": 18 },
        "end": { "line": 51, "column": 38 }
      },
      "27": {
        "start": { "line": 52, "column": 2 },
        "end": { "line": 54, "column": 57 }
      },
      "28": {
        "start": { "line": 57, "column": 33 },
        "end": { "line": 65, "column": 12 }
      },
      "29": {
        "start": { "line": 58, "column": 2 },
        "end": { "line": 65, "column": 12 }
      },
      "30": {
        "start": { "line": 61, "column": 8 },
        "end": { "line": 63, "column": 9 }
      },
      "31": {
        "start": { "line": 62, "column": 10 },
        "end": { "line": 62, "column": 49 }
      },
      "32": {
        "start": { "line": 64, "column": 8 },
        "end": { "line": 64, "column": 62 }
      },
      "33": {
        "start": { "line": 67, "column": 26 },
        "end": { "line": 68, "column": 47 }
      },
      "34": {
        "start": { "line": 68, "column": 2 },
        "end": { "line": 68, "column": 47 }
      },
      "35": {
        "start": { "line": 70, "column": 40 },
        "end": { "line": 77, "column": 1 }
      },
      "36": {
        "start": { "line": 71, "column": 16 },
        "end": { "line": 71, "column": 62 }
      },
      "37": {
        "start": { "line": 72, "column": 2 },
        "end": { "line": 74, "column": 5 }
      },
      "38": {
        "start": { "line": 73, "column": 4 },
        "end": { "line": 73, "column": 21 }
      },
      "39": {
        "start": { "line": 76, "column": 2 },
        "end": { "line": 76, "column": 35 }
      }
    },
    "fnMap": {
      "0": {
        "name": "(anonymous_0)",
        "decl": {
          "start": { "line": 3, "column": 31 },
          "end": { "line": 3, "column": 32 }
        },
        "loc": {
          "start": { "line": 3, "column": 72 },
          "end": { "line": 20, "column": 1 }
        },
        "line": 3
      },
      "1": {
        "name": "(anonymous_1)",
        "decl": {
          "start": { "line": 11, "column": 17 },
          "end": { "line": 11, "column": 18 }
        },
        "loc": {
          "start": { "line": 11, "column": 33 },
          "end": { "line": 17, "column": 3 }
        },
        "line": 11
      },
      "2": {
        "name": "(anonymous_2)",
        "decl": {
          "start": { "line": 22, "column": 38 },
          "end": { "line": 22, "column": 39 }
        },
        "loc": {
          "start": { "line": 25, "column": 5 },
          "end": { "line": 46, "column": 1 }
        },
        "line": 25
      },
      "3": {
        "name": "(anonymous_3)",
        "decl": {
          "start": { "line": 28, "column": 40 },
          "end": { "line": 28, "column": 41 }
        },
        "loc": {
          "start": { "line": 28, "column": 48 },
          "end": { "line": 28, "column": 71 }
        },
        "line": 28
      },
      "4": {
        "name": "(anonymous_4)",
        "decl": {
          "start": { "line": 32, "column": 21 },
          "end": { "line": 32, "column": 22 }
        },
        "loc": {
          "start": { "line": 32, "column": 47 },
          "end": { "line": 43, "column": 3 }
        },
        "line": 32
      },
      "5": {
        "name": "(anonymous_5)",
        "decl": {
          "start": { "line": 34, "column": 6 },
          "end": { "line": 34, "column": 7 }
        },
        "loc": {
          "start": { "line": 34, "column": 14 },
          "end": { "line": 34, "column": 45 }
        },
        "line": 34
      },
      "6": {
        "name": "(anonymous_6)",
        "decl": {
          "start": { "line": 42, "column": 32 },
          "end": { "line": 42, "column": 33 }
        },
        "loc": {
          "start": { "line": 42, "column": 40 },
          "end": { "line": 42, "column": 56 }
        },
        "line": 42
      },
      "7": {
        "name": "getUrlParameter",
        "decl": {
          "start": { "line": 48, "column": 16 },
          "end": { "line": 48, "column": 31 }
        },
        "loc": {
          "start": { "line": 48, "column": 64 },
          "end": { "line": 55, "column": 1 }
        },
        "line": 48
      },
      "8": {
        "name": "(anonymous_8)",
        "decl": {
          "start": { "line": 57, "column": 33 },
          "end": { "line": 57, "column": 34 }
        },
        "loc": {
          "start": { "line": 58, "column": 2 },
          "end": { "line": 65, "column": 12 }
        },
        "line": 58
      },
      "9": {
        "name": "(anonymous_9)",
        "decl": {
          "start": { "line": 60, "column": 20 },
          "end": { "line": 60, "column": 21 }
        },
        "loc": {
          "start": { "line": 60, "column": 55 },
          "end": { "line": 65, "column": 7 }
        },
        "line": 60
      },
      "10": {
        "name": "(anonymous_10)",
        "decl": {
          "start": { "line": 67, "column": 26 },
          "end": { "line": 67, "column": 27 }
        },
        "loc": {
          "start": { "line": 68, "column": 2 },
          "end": { "line": 68, "column": 47 }
        },
        "line": 68
      },
      "11": {
        "name": "(anonymous_11)",
        "decl": {
          "start": { "line": 70, "column": 40 },
          "end": { "line": 70, "column": 41 }
        },
        "loc": {
          "start": { "line": 70, "column": 46 },
          "end": { "line": 77, "column": 1 }
        },
        "line": 70
      },
      "12": {
        "name": "(anonymous_12)",
        "decl": {
          "start": { "line": 72, "column": 16 },
          "end": { "line": 72, "column": 17 }
        },
        "loc": {
          "start": { "line": 72, "column": 27 },
          "end": { "line": 74, "column": 3 }
        },
        "line": 72
      }
    },
    "branchMap": {
      "0": {
        "loc": {
          "start": { "line": 14, "column": 21 },
          "end": { "line": 14, "column": 62 }
        },
        "type": "cond-expr",
        "locations": [
          {
            "start": { "line": 14, "column": 41 },
            "end": { "line": 14, "column": 50 }
          },
          {
            "start": { "line": 14, "column": 53 },
            "end": { "line": 14, "column": 62 }
          }
        ],
        "line": 14
      },
      "1": {
        "loc": {
          "start": { "line": 26, "column": 2 },
          "end": { "line": 26, "column": 34 }
        },
        "type": "if",
        "locations": [
          {
            "start": { "line": 26, "column": 2 },
            "end": { "line": 26, "column": 34 }
          },
          { "start": {}, "end": {} }
        ],
        "line": 26
      },
      "2": {
        "loc": {
          "start": { "line": 29, "column": 2 },
          "end": { "line": 29, "column": 34 }
        },
        "type": "if",
        "locations": [
          {
            "start": { "line": 29, "column": 2 },
            "end": { "line": 29, "column": 34 }
          },
          { "start": {}, "end": {} }
        ],
        "line": 29
      },
      "3": {
        "loc": {
          "start": { "line": 41, "column": 4 },
          "end": { "line": 42, "column": 57 }
        },
        "type": "binary-expr",
        "locations": [
          {
            "start": { "line": 41, "column": 4 },
            "end": { "line": 41, "column": 28 }
          },
          {
            "start": { "line": 42, "column": 6 },
            "end": { "line": 42, "column": 57 }
          }
        ],
        "line": 41
      },
      "4": {
        "loc": {
          "start": { "line": 52, "column": 9 },
          "end": { "line": 54, "column": 56 }
        },
        "type": "cond-expr",
        "locations": [
          {
            "start": { "line": 53, "column": 6 },
            "end": { "line": 53, "column": 8 }
          },
          {
            "start": { "line": 54, "column": 6 },
            "end": { "line": 54, "column": 56 }
          }
        ],
        "line": 52
      },
      "5": {
        "loc": {
          "start": { "line": 58, "column": 2 },
          "end": { "line": 65, "column": 12 }
        },
        "type": "cond-expr",
        "locations": [
          {
            "start": { "line": 59, "column": 6 },
            "end": { "line": 59, "column": 33 }
          },
          {
            "start": { "line": 60, "column": 6 },
            "end": { "line": 65, "column": 12 }
          }
        ],
        "line": 58
      },
      "6": {
        "loc": {
          "start": { "line": 61, "column": 8 },
          "end": { "line": 63, "column": 9 }
        },
        "type": "if",
        "locations": [
          {
            "start": { "line": 61, "column": 8 },
            "end": { "line": 63, "column": 9 }
          },
          { "start": {}, "end": {} }
        ],
        "line": 61
      }
    },
    "s": {
      "0": 1,
      "1": 4,
      "2": 4,
      "3": 4,
      "4": 5,
      "5": 5,
      "6": 5,
      "7": 4,
      "8": 1,
      "9": 3,
      "10": 1,
      "11": 2,
      "12": 6,
      "13": 2,
      "14": 1,
      "15": 1,
      "16": 1,
      "17": 4,
      "18": 20,
      "19": 4,
      "20": 4,
      "21": 3,
      "22": 1,
      "23": 1,
      "24": 3,
      "25": 3,
      "26": 3,
      "27": 3,
      "28": 1,
      "29": 1,
      "30": 3,
      "31": 1,
      "32": 2,
      "33": 1,
      "34": 0,
      "35": 1,
      "36": 0,
      "37": 0,
      "38": 0,
      "39": 0
    },
    "f": {
      "0": 4,
      "1": 5,
      "2": 3,
      "3": 6,
      "4": 4,
      "5": 20,
      "6": 3,
      "7": 3,
      "8": 1,
      "9": 3,
      "10": 0,
      "11": 0,
      "12": 0
    },
    "b": {
      "0": [2, 3],
      "1": [1, 2],
      "2": [1, 1],
      "3": [4, 2],
      "4": [2, 1],
      "5": [0, 1],
      "6": [1, 2]
    },
    "_coverageSchema": "1a1c01bbd47fc00a2c39e90264f33305004495a9",
    "hash": "155d02c28748718586d3a3437c874aef53c2762c"
  }
}
