TN:
SF:src/shared/utils/utils.ts
FN:3,(anonymous_0)
FN:11,(anonymous_1)
FN:22,(anonymous_2)
FN:26,(anonymous_3)
FN:28,(anonymous_4)
FN:30,(anonymous_5)
FN:37,(anonymous_6)
FN:43,getUrlParameter
FN:52,(anonymous_8)
FN:55,(anonymous_9)
FN:62,(anonymous_10)
FN:65,(anonymous_11)
FN:67,(anonymous_12)
FNF:13
FNH:5
FNDA:0,(anonymous_0)
FNDA:0,(anonymous_1)
FNDA:1,(anonymous_2)
FNDA:1,(anonymous_3)
FNDA:4,(anonymous_4)
FNDA:20,(anonymous_5)
FNDA:3,(anonymous_6)
FNDA:0,getUrlParameter
FNDA:0,(anonymous_8)
FNDA:0,(anonymous_9)
FNDA:0,(anonymous_10)
FNDA:0,(anonymous_11)
FNDA:0,(anonymous_12)
DA:3,1
DA:5,0
DA:8,0
DA:11,0
DA:12,0
DA:14,0
DA:16,0
DA:19,0
DA:22,1
DA:26,1
DA:27,1
DA:28,1
DA:29,4
DA:30,20
DA:32,4
DA:36,4
DA:37,3
DA:39,1
DA:40,1
DA:44,0
DA:45,0
DA:46,0
DA:47,0
DA:52,1
DA:53,0
DA:56,0
DA:57,0
DA:59,0
DA:62,1
DA:63,0
DA:65,1
DA:66,0
DA:67,0
DA:68,0
DA:71,0
LF:35
LH:15
BRDA:14,0,0,0
BRDA:14,0,1,0
BRDA:36,1,0,4
BRDA:36,1,1,2
BRDA:47,2,0,0
BRDA:47,2,1,0
BRDA:53,3,0,0
BRDA:53,3,1,0
BRDA:56,4,0,0
BRDA:56,4,1,0
BRF:10
BRH:2
end_of_record
