TN:
SF:src/components/complex/ViewerForPaste/ViewerForPaste.module.scss
FN:8,(anonymous_0)
FN:15,(anonymous_1)
FNF:2
FNH:1
FNDA:5,(anonymous_0)
FNDA:0,(anonymous_1)
DA:1,1
DA:3,1
DA:4,1
DA:7,1
DA:9,5
DA:10,3
DA:12,2
DA:16,0
DA:20,0
DA:23,0
LF:10
LH:7
BRDA:3,0,0,1
BRDA:3,0,1,0
BRDA:3,1,0,1
BRDA:3,1,1,1
BRDA:9,2,0,3
BRDA:9,2,1,2
BRF:6
BRH:5
end_of_record
TN:
SF:src/components/complex/ViewerForPaste/ViewerForPaste.tsx
FN:19,(anonymous_1)
FN:40,(anonymous_2)
FN:48,(anonymous_3)
FN:57,(anonymous_4)
FN:69,(anonymous_5)
FNF:5
FNH:2
FNDA:1,(anonymous_1)
FNDA:0,(anonymous_2)
FNDA:1,(anonymous_3)
FNDA:0,(anonymous_4)
FNDA:0,(anonymous_5)
DA:1,1
DA:2,1
DA:4,1
DA:5,1
DA:8,1
DA:19,1
DA:20,1
DA:21,1
DA:22,1
DA:23,1
DA:24,1
DA:25,1
DA:27,1
DA:40,0
DA:48,1
DA:58,0
DA:69,0
DA:76,1
LF:18
LH:15
BRF:0
BRH:0
end_of_record
TN:
SF:src/components/simple/InputWithUnderLineColor/InputWithUnderLineColor.module.scss
FN:8,(anonymous_0)
FN:15,(anonymous_1)
FNF:2
FNH:1
FNDA:6,(anonymous_0)
FNDA:0,(anonymous_1)
DA:1,1
DA:3,1
DA:4,1
DA:7,1
DA:9,6
DA:10,5
DA:12,1
DA:16,0
DA:20,0
DA:23,0
LF:10
LH:7
BRDA:3,0,0,1
BRDA:3,0,1,0
BRDA:3,1,0,1
BRDA:3,1,1,1
BRDA:9,2,0,5
BRDA:9,2,1,1
BRF:6
BRH:5
end_of_record
TN:
SF:src/components/simple/InputWithUnderLineColor/InputWithUnderLineColor.tsx
FN:14,(anonymous_1)
FN:34,(anonymous_2)
FNF:2
FNH:1
FNDA:1,(anonymous_1)
FNDA:0,(anonymous_2)
DA:1,1
DA:2,1
DA:4,1
DA:14,1
DA:15,1
DA:16,1
DA:17,1
DA:18,1
DA:19,1
DA:21,1
DA:34,0
DA:43,1
LF:12
LH:11
BRDA:19,0,0,1
BRDA:19,0,1,0
BRF:2
BRH:1
end_of_record
TN:
SF:src/components/simple/InputWithUnderLineColor/index.ts
FN:1,(anonymous_1)
FNF:1
FNH:1
FNDA:1,(anonymous_1)
DA:1,2
LF:1
LH:1
BRF:0
BRH:0
end_of_record
TN:
SF:src/components/simple/SimpleButton/SimpleButton.module.scss
FN:8,(anonymous_0)
FN:15,(anonymous_1)
FNF:2
FNH:1
FNDA:3,(anonymous_0)
FNDA:0,(anonymous_1)
DA:1,1
DA:3,1
DA:4,1
DA:7,1
DA:9,3
DA:10,2
DA:12,1
DA:16,0
DA:20,0
DA:23,0
LF:10
LH:7
BRDA:3,0,0,1
BRDA:3,0,1,0
BRDA:3,1,0,1
BRDA:3,1,1,1
BRDA:9,2,0,2
BRDA:9,2,1,1
BRF:6
BRH:5
end_of_record
TN:
SF:src/components/simple/SimpleButton/SimpleButton.tsx
FN:15,(anonymous_3)
FN:33,(anonymous_4)
FNF:2
FNH:1
FNDA:1,(anonymous_3)
FNDA:0,(anonymous_4)
DA:1,1
DA:2,1
DA:4,1
DA:15,1
DA:16,1
DA:17,1
DA:18,1
DA:19,1
DA:20,1
DA:21,1
DA:22,1
DA:24,1
DA:33,0
DA:47,1
LF:14
LH:13
BRDA:18,0,0,0
BRDA:18,0,1,1
BRF:2
BRH:1
end_of_record
TN:
SF:src/components/simple/SimpleButton/index.ts
FN:1,(anonymous_1)
FNF:1
FNH:1
FNDA:1,(anonymous_1)
DA:1,2
LF:1
LH:1
BRF:0
BRH:0
end_of_record
